[debug] [2024-11-27T15:28:23.921Z] ----------------------------------------------------------------------
[debug] [2024-11-27T15:28:23.935Z] Command:       C:\Program Files\nodejs\node.exe C:\Users\nam05\AppData\Roaming\npm\node_modules\firebase-tools\lib\bin\firebase.js init
[debug] [2024-11-27T15:28:23.936Z] CLI Version:   13.27.0
[debug] [2024-11-27T15:28:23.936Z] Platform:      win32
[debug] [2024-11-27T15:28:23.936Z] Node Version:  v22.11.0
[debug] [2024-11-27T15:28:23.937Z] Time:          Wed Nov 27 2024 22:28:23 GMT+0700 (Indochina Time)
[debug] [2024-11-27T15:28:23.937Z] ----------------------------------------------------------------------
[debug] 
[debug] [2024-11-27T15:28:23.947Z] > command requires scopes: ["email","openid","https://www.googleapis.com/auth/cloudplatformprojects.readonly","https://www.googleapis.com/auth/firebase","https://www.googleapis.com/auth/cloud-platform"]
[debug] [2024-11-27T15:28:23.947Z] > authorizing via signed-in user (nam05062003.ht@gmail.com)
[info] 
     ######## #### ########  ######## ########     ###     ######  ########
     ##        ##  ##     ## ##       ##     ##  ##   ##  ##       ##
     ######    ##  ########  ######   ########  #########  ######  ######
     ##        ##  ##    ##  ##       ##     ## ##     ##       ## ##
     ##       #### ##     ## ######## ########  ##     ##  ######  ########

You're about to initialize a Firebase project in this directory:

  D:\CNWeb\CNWeb-20241\backend

[info] 
=== Project Setup
[info] 
[info] First, let's associate this project directory with a Firebase project.
[info] You can create multiple project aliases by running firebase use --add, 
[info] but for now we'll just set up a default project.
[info] 
